Copyright 1986-2022 Xilinx, Inc. All Rights Reserved. Copyright 2022-2025 Advanced Micro Devices, Inc. All Rights Reserved.
---------------------------------------------------------------------------------------------------------------------------------------------
| Tool Version : Vivado v.2025.2 (win64) Build 6299465 Fri Nov 14 19:35:11 GMT 2025
| Date         : Sat Jun 27 15:02:10 2026
| Host         : Frank-Rizzo running 64-bit major release  (build 9200)
| Command      : report_control_sets -verbose -file oled_arcade_top_control_sets_placed.rpt
| Design       : oled_arcade_top
| Device       : xc7a15t
---------------------------------------------------------------------------------------------------------------------------------------------

Control Set Information

Table of Contents
-----------------
1. Summary
2. Histogram
3. Flip-Flop Distribution
4. Detailed Control Set Information

1. Summary
----------

+----------------------------------------------------------+-------+
|                          Status                          | Count |
+----------------------------------------------------------+-------+
| Total control sets                                       |    76 |
|    Minimum number of control sets                        |    76 |
|    Addition due to synthesis replication                 |     0 |
|    Addition due to physical synthesis replication        |     0 |
| Unused register locations in slices containing registers |   143 |
+----------------------------------------------------------+-------+
* Control sets can be merged at opt_design using control_set_merge or merge_equivalent_drivers
** Run report_qor_suggestions for automated merging and remapping suggestions


2. Histogram
------------

+--------------------+-------+
|       Fanout       | Count |
+--------------------+-------+
| Total control sets |    76 |
| >= 0 to < 4        |     2 |
| >= 4 to < 6        |     4 |
| >= 6 to < 8        |    42 |
| >= 8 to < 10       |     2 |
| >= 10 to < 12      |     4 |
| >= 12 to < 14      |     1 |
| >= 14 to < 16      |     1 |
| >= 16              |    20 |
+--------------------+-------+
* Control sets can be remapped at either synth_design or opt_design


3. Flip-Flop Distribution
-------------------------

+--------------+-----------------------+------------------------+-----------------+--------------+
| Clock Enable | Synchronous Set/Reset | Asynchronous Set/Reset | Total Registers | Total Slices |
+--------------+-----------------------+------------------------+-----------------+--------------+
| No           | No                    | No                     |              30 |           18 |
| No           | No                    | Yes                    |               0 |            0 |
| No           | Yes                   | No                     |             329 |          112 |
| Yes          | No                    | No                     |               0 |            0 |
| Yes          | No                    | Yes                    |               0 |            0 |
| Yes          | Yes                   | No                     |             570 |          193 |
+--------------+-----------------------+------------------------+-----------------+--------------+


4. Detailed Control Set Information
-----------------------------------

+----------------------+---------------------------------------------------------+-----------------------------------------------------------+------------------+----------------+--------------+
|     Clock Signal     |                      Enable Signal                      |                      Set/Reset Signal                     | Slice Load Count | Bel Load Count | Bels / Slice |
+----------------------+---------------------------------------------------------+-----------------------------------------------------------+------------------+----------------+--------------+
|  clk_12mhz_IBUF_BUFG | oled_arcade/i2c_tx/scl_i_1_n_0                          | oled_arcade/i2c_tx/SR[0]                                  |                1 |              1 |         1.00 |
|  clk_12mhz_IBUF_BUFG |                                                         | audio/buzzer_i_1_n_0                                      |                1 |              1 |         1.00 |
|  clk_12mhz_IBUF_BUFG | oled_arcade/breakout_inst/misses[3]_i_1__0_n_0          | oled_arcade/breakout_inst/ball_y[4]_i_1__0_n_0            |                1 |              4 |         4.00 |
|  clk_12mhz_IBUF_BUFG | menu/E[0]                                               | menu/active_d_reg_1                                       |                1 |              4 |         4.00 |
|  clk_12mhz_IBUF_BUFG | oled_arcade/i2c_tx/state_reg[1]_0[0]                    | oled_arcade/i2c_tx/SR[0]                                  |                2 |              4 |         2.00 |
|  clk_12mhz_IBUF_BUFG | oled_arcade/breakout_inst/ball_x[5]_i_2__0_n_0          | oled_arcade/breakout_inst/ball_x[5]_i_1_n_0               |                2 |              5 |         2.50 |
|  clk_12mhz_IBUF_BUFG | oled_arcade/snake_inst/snake_len[5]_i_1_n_0             | menu/SR[0]                                                |                4 |              6 |         1.50 |
|  clk_12mhz_IBUF_BUFG | oled_arcade/pong_inst/paddle_y[5]_i_1_n_0               | menu/active_d_reg_1                                       |                2 |              6 |         3.00 |
|  clk_12mhz_IBUF_BUFG |                                                         | oled_arcade/i2c_tx/div_count[5]_i_1_n_0                   |                2 |              6 |         3.00 |
|  clk_12mhz_IBUF_BUFG | oled_arcade/invaders_inst/bullet_y[5]_i_1_n_0           | oled_arcade/invaders_inst/cleared_i_1_n_0                 |                3 |              6 |         2.00 |
|  clk_12mhz_IBUF_BUFG | oled_arcade/invaders_inst/alien_dir_right57_out         | oled_arcade/invaders_inst/cleared_i_1_n_0                 |                4 |              7 |         1.75 |
|  clk_12mhz_IBUF_BUFG | oled_arcade/snake_inst/snake_x[22][3]_i_1_n_0           | menu/SR[0]                                                |                2 |              7 |         3.50 |
|  clk_12mhz_IBUF_BUFG | oled_arcade/snake_inst/snake_x[21][3]_i_1_n_0           | menu/SR[0]                                                |                2 |              7 |         3.50 |
|  clk_12mhz_IBUF_BUFG | oled_arcade/snake_inst/snake_x[23][3]_i_1_n_0           | menu/SR[0]                                                |                2 |              7 |         3.50 |
|  clk_12mhz_IBUF_BUFG | oled_arcade/snake_inst/snake_x[15][3]_i_1_n_0           | menu/SR[0]                                                |                2 |              7 |         3.50 |
|  clk_12mhz_IBUF_BUFG | oled_arcade/snake_inst/snake_x[24][3]_i_1_n_0           | menu/SR[0]                                                |                2 |              7 |         3.50 |
|  clk_12mhz_IBUF_BUFG | oled_arcade/snake_inst/snake_x[16][3]_i_1_n_0           | menu/SR[0]                                                |                2 |              7 |         3.50 |
|  clk_12mhz_IBUF_BUFG | oled_arcade/snake_inst/snake_x[17][3]_i_1_n_0           | menu/SR[0]                                                |                2 |              7 |         3.50 |
|  clk_12mhz_IBUF_BUFG | oled_arcade/snake_inst/snake_x[10][3]_i_1_n_0           | menu/SR[0]                                                |                2 |              7 |         3.50 |
|  clk_12mhz_IBUF_BUFG | oled_arcade/snake_inst/snake_x[13][3]_i_1_n_0           | menu/SR[0]                                                |                2 |              7 |         3.50 |
|  clk_12mhz_IBUF_BUFG | oled_arcade/snake_inst/snake_x[12][3]_i_1_n_0           | menu/SR[0]                                                |                2 |              7 |         3.50 |
|  clk_12mhz_IBUF_BUFG | oled_arcade/snake_inst/snake_x[30][3]_i_1_n_0           | menu/SR[0]                                                |                2 |              7 |         3.50 |
|  clk_12mhz_IBUF_BUFG | oled_arcade/snake_inst/snake_x[31][3]_i_1_n_0           | menu/SR[0]                                                |                2 |              7 |         3.50 |
|  clk_12mhz_IBUF_BUFG | oled_arcade/snake_inst/snake_x[7][3]_i_1_n_0            | menu/SR[0]                                                |                2 |              7 |         3.50 |
|  clk_12mhz_IBUF_BUFG | oled_arcade/snake_inst/snake_x[8][3]_i_1_n_0            | menu/SR[0]                                                |                2 |              7 |         3.50 |
|  clk_12mhz_IBUF_BUFG | oled_arcade/snake_inst/snake_x[9][3]_i_1_n_0            | menu/SR[0]                                                |                2 |              7 |         3.50 |
|  clk_12mhz_IBUF_BUFG | oled_arcade/invaders_inst/alien_x0[6]_i_1_n_0           | oled_arcade/invaders_inst/cleared_i_1_n_0                 |                3 |              7 |         2.33 |
|  clk_12mhz_IBUF_BUFG | oled_arcade/snake_inst/snake_x[28][3]_i_1_n_0           | menu/SR[0]                                                |                2 |              7 |         3.50 |
|  clk_12mhz_IBUF_BUFG | oled_arcade/invaders_inst/bullet_x[6]_i_1_n_0           | oled_arcade/invaders_inst/cleared_i_1_n_0                 |                5 |              7 |         1.40 |
|  clk_12mhz_IBUF_BUFG | oled_arcade/invaders_inst/player_x[6]_i_1_n_0           | oled_arcade/invaders_inst/cleared_i_1_n_0                 |                3 |              7 |         2.33 |
|  clk_12mhz_IBUF_BUFG | oled_arcade/snake_inst/snake_x[3][3]_i_1_n_0            | menu/SR[0]                                                |                2 |              7 |         3.50 |
|  clk_12mhz_IBUF_BUFG | oled_arcade/snake_inst/snake_x[26][3]_i_1_n_0           | menu/SR[0]                                                |                2 |              7 |         3.50 |
|  clk_12mhz_IBUF_BUFG | oled_arcade/snake_inst/snake_x[27][3]_i_1_n_0           | menu/SR[0]                                                |                2 |              7 |         3.50 |
|  clk_12mhz_IBUF_BUFG | oled_arcade/snake_inst/snake_x[2][3]_i_1_n_0            | menu/SR[0]                                                |                2 |              7 |         3.50 |
|  clk_12mhz_IBUF_BUFG | oled_arcade/snake_inst/snake_x[5][3]_i_1_n_0            | menu/SR[0]                                                |                2 |              7 |         3.50 |
|  clk_12mhz_IBUF_BUFG | oled_arcade/snake_inst/snake_x[4][3]_i_1_n_0            | menu/SR[0]                                                |                2 |              7 |         3.50 |
|  clk_12mhz_IBUF_BUFG | oled_arcade/snake_inst/snake_x[29][3]_i_1_n_0           | menu/SR[0]                                                |                2 |              7 |         3.50 |
|  clk_12mhz_IBUF_BUFG | oled_arcade/snake_inst/snake_x[6][3]_i_1_n_0            | menu/SR[0]                                                |                3 |              7 |         2.33 |
|  clk_12mhz_IBUF_BUFG | oled_arcade/snake_inst/snake_x[25][3]_i_1_n_0           | menu/SR[0]                                                |                2 |              7 |         3.50 |
|  clk_12mhz_IBUF_BUFG | oled_arcade/breakout_inst/paddle_x[6]_i_1_n_0           | oled_arcade/breakout_inst/ball_y[4]_i_1__0_n_0            |                3 |              7 |         2.33 |
|  clk_12mhz_IBUF_BUFG | oled_arcade/snake_inst/food_y[2]_i_2_n_0                | menu/SR[0]                                                |                2 |              7 |         3.50 |
|  clk_12mhz_IBUF_BUFG | oled_arcade/snake_inst/snake_x[14][3]_i_1_n_0           | menu/SR[0]                                                |                2 |              7 |         3.50 |
|  clk_12mhz_IBUF_BUFG | oled_arcade/snake_inst/snake_x[11][3]_i_1_n_0           | menu/SR[0]                                                |                2 |              7 |         3.50 |
|  clk_12mhz_IBUF_BUFG | oled_arcade/snake_inst/snake_x[18][3]_i_1_n_0           | menu/SR[0]                                                |                2 |              7 |         3.50 |
|  clk_12mhz_IBUF_BUFG | oled_arcade/snake_inst/snake_x[19][3]_i_1_n_0           | menu/SR[0]                                                |                2 |              7 |         3.50 |
|  clk_12mhz_IBUF_BUFG | oled_arcade/snake_inst/snake_x[1][3]_i_1_n_0            | menu/SR[0]                                                |                2 |              7 |         3.50 |
|  clk_12mhz_IBUF_BUFG | oled_arcade/snake_inst/snake_x[20][3]_i_1_n_0           | menu/SR[0]                                                |                2 |              7 |         3.50 |
|  clk_12mhz_IBUF_BUFG | oled_arcade/snake_inst/snake_x[0][3]_i_1_n_0            | menu/SR[0]                                                |                2 |              7 |         3.50 |
|  clk_12mhz_IBUF_BUFG | oled_arcade/i2c_tx/E[0]                                 | oled_arcade/i2c_tx/SR[0]                                  |                3 |              8 |         2.67 |
|  clk_12mhz_IBUF_BUFG | oled_arcade/i2c_tx/shifter[0]                           | oled_arcade/i2c_tx/SR[0]                                  |                2 |              8 |         4.00 |
|  clk_12mhz_IBUF_BUFG | oled_arcade/i2c_tx/state_reg[1]_1                       | oled_arcade/i2c_tx/SR[0]                                  |                5 |             10 |         2.00 |
|  clk_12mhz_IBUF_BUFG | oled_arcade/i2c_tx/state_reg[2]                         | oled_arcade/i2c_tx/SR[0]                                  |                5 |             10 |         2.00 |
|  clk_12mhz_IBUF_BUFG | oled_arcade/i2c_tx/b1[6]_i_1_n_0                        | oled_arcade/i2c_tx/SR[0]                                  |                3 |             10 |         3.33 |
|  clk_12mhz_IBUF_BUFG | menu/selected_mode_reg_0                                | menu/active_d_reg_1                                       |                5 |             10 |         2.00 |
|  clk_12mhz_IBUF_BUFG | ep_down/tone_divider0                                   | oled_arcade/i2c_tx/SR[0]                                  |                5 |             13 |         2.60 |
|  clk_12mhz_IBUF_BUFG | oled_arcade/i2c_tx/FSM_onehot_state[14]_i_2_n_0         | oled_arcade/i2c_tx/SR[0]                                  |                3 |             15 |         5.00 |
|  clk_12mhz_IBUF_BUFG |                                                         | db_right/count[0]_i_1__5_n_0                              |                4 |             16 |         4.00 |
|  clk_12mhz_IBUF_BUFG |                                                         | db_a/count[0]_i_1_n_0                                     |                4 |             16 |         4.00 |
|  clk_12mhz_IBUF_BUFG |                                                         | db_down/count[0]_i_1__3_n_0                               |                4 |             16 |         4.00 |
|  clk_12mhz_IBUF_BUFG |                                                         | db_left/count[0]_i_1__4_n_0                               |                4 |             16 |         4.00 |
|  clk_12mhz_IBUF_BUFG |                                                         | db_start/count[0]_i_1__0_n_0                              |                4 |             16 |         4.00 |
|  clk_12mhz_IBUF_BUFG |                                                         | db_up/count[0]_i_1__2_n_0                                 |                4 |             16 |         4.00 |
|  clk_12mhz_IBUF_BUFG |                                                         | db_select/count[0]_i_1__1_n_0                             |                4 |             16 |         4.00 |
|  clk_12mhz_IBUF_BUFG |                                                         | oled_arcade/pong_inst/paddle_tick_count[0]_i_1_n_0        |                5 |             18 |         3.60 |
|  clk_12mhz_IBUF_BUFG |                                                         | oled_arcade/breakout_inst/paddle_tick_count[0]_i_1__0_n_0 |                5 |             19 |         3.80 |
|  clk_12mhz_IBUF_BUFG |                                                         | oled_arcade/pong_inst/ball_tick_count[0]_i_1_n_0          |                5 |             19 |         3.80 |
|  clk_12mhz_IBUF_BUFG |                                                         | oled_arcade/invaders_inst/cleared_i_1_n_0                 |                9 |             20 |         2.22 |
|  clk_12mhz_IBUF_BUFG |                                                         | oled_arcade/breakout_inst/ball_tick_count[0]_i_1__0_n_0   |                5 |             20 |         4.00 |
|  clk_12mhz_IBUF_BUFG |                                                         | menu/active_d_reg                                         |                6 |             23 |         3.83 |
|  clk_12mhz_IBUF_BUFG | oled_arcade/i2c_tx/state_reg[1][0]                      | oled_arcade/i2c_tx/SR[0]                                  |                8 |             24 |         3.00 |
|  clk_12mhz_IBUF_BUFG |                                                         | oled_arcade/breakout_inst/ball_y[4]_i_1__0_n_0            |               15 |             26 |         1.73 |
|  clk_12mhz_IBUF_BUFG |                                                         |                                                           |               18 |             30 |         1.67 |
|  clk_12mhz_IBUF_BUFG | audio/duration_counter[31]_i_1_n_0                      | oled_arcade/i2c_tx/SR[0]                                  |               11 |             32 |         2.91 |
|  clk_12mhz_IBUF_BUFG | audio/tone_counter[0]                                   | audio/tone_counter[0]_i_1_n_0                             |                8 |             32 |         4.00 |
|  clk_12mhz_IBUF_BUFG |                                                         | oled_arcade/i2c_tx/SR[0]                                  |               31 |             65 |         2.10 |
|  clk_12mhz_IBUF_BUFG | oled_arcade/invaders_inst/bullet_tick_count[31]_i_2_n_0 | oled_arcade/invaders_inst/bullet_tick_count[31]_i_1_n_0   |               34 |             96 |         2.82 |
+----------------------+---------------------------------------------------------+-----------------------------------------------------------+------------------+----------------+--------------+


